2025-04-06 20:10:53,762 - INFO - Created 1,718 records
2025-04-06 20:11:28,056 - INFO - Created 45,919 records
2025-04-06 20:11:33,557 - INFO - Created 45,919 records
2025-04-06 20:11:33,801 - INFO - Created 368 records
2025-04-06 20:11:33,813 - INFO - Created 368 records
2025-04-06 20:11:40,616 - INFO - Created 1 records
2025-04-06 20:11:40,631 - INFO - Created 1 records
2025-04-06 20:11:48,623 - INFO - Created 368 records
2025-04-06 20:11:48,639 - INFO - Created 368 records
2025-04-06 20:11:48,646 - INFO - Created 5 records
2025-04-06 20:11:53,783 - INFO - Created 1 records
2025-04-06 20:11:53,800 - INFO - Created 1 records
2025-04-06 20:11:58,186 - INFO - Created 1 records
2025-04-06 20:11:58,201 - INFO - Created 1 records
2025-04-06 20:12:01,665 - INFO - Created 1 records
2025-04-06 20:12:01,669 - INFO - Created 1 records
2025-04-06 20:12:01,690 - INFO - \U0001f9e9 Building interactive dashboard...
2025-04-06 20:12:01,922 - INFO - \u2705 Folium map generated and saved.
2025-04-06 20:12:02,327 - INFO - \u2705 Dashboard layout generated.
2025-04-06 20:12:02,328 - INFO - Dash is running on http://127.0.0.1:8050/

