2025-04-07 21:23:43,065 - INFO - Generating enhanced interactive map...
2025-04-07 21:23:44,091 - ERROR - Failed to load data: data/shapefiles/evacuation_route.shp: No such file or directory
2025-04-07 21:25:37,129 - INFO - Generating enhanced interactive map...
2025-04-07 21:25:37,129 - ERROR - Failed to load data: Earthquakes csv file not found: data/cleaned/earthquakes_elazig.csv
2025-04-07 21:25:37,129 - ERROR - Map generation failed: Earthquakes csv file not found: data/cleaned/earthquakes_elazig.csv
2025-04-07 21:26:30,389 - INFO - Generating enhanced interactive map...
2025-04-07 21:26:31,202 - ERROR - Failed to load data: Evacuation path shapefile not found: data/shapefiles/evacuation_route.shp
2025-04-07 21:26:31,259 - ERROR - Map generation failed: Evacuation path shapefile not found: data/shapefiles/evacuation_route.shp
2025-04-07 21:28:54,688 - INFO - Generating enhanced interactive map...
2025-04-07 21:28:55,393 - INFO - Classifying road segments based on earthquake proximity...
2025-04-07 21:28:59,073 - INFO - Risk assigned to all roads.
2025-04-07 21:28:59,851 - INFO - No evacuation path provided or path is empty
2025-04-07 21:29:02,131 - INFO - Map successfully saved to output/elazig_earthquake_map.html
2025-04-07 21:35:15,470 - INFO - Generating enhanced interactive map...
2025-04-07 21:35:16,210 - INFO - Classifying road segments based on earthquake proximity...
2025-04-07 21:35:19,896 - INFO - Risk assigned to all roads.
2025-04-07 21:35:20,587 - INFO - No evacuation path provided or path is empty
2025-04-07 21:35:22,671 - INFO - Map successfully saved to output/elazig_earthquake_map.html
2025-04-07 21:55:29,962 - INFO - \U0001f5fa\ufe0f Generating enhanced interactive map...
2025-04-07 21:57:17,235 - INFO - \U0001f5fa\ufe0f Generating enhanced interactive map...
2025-04-07 21:57:42,179 - INFO - \U0001f5fa\ufe0f Generating enhanced interactive map...
2025-04-07 21:57:42,827 - ERROR - \u0641\u0634\u0644 \u0625\u0646\u0634\u0627\u0621 \u0627\u0644\u062e\u0631\u064a\u0637\u0629: data/shapefiles/elazig_evacuation_path.shp: No such file or directory
2025-04-07 21:58:22,015 - ERROR - \u0641\u0634\u0644 \u0625\u0646\u0634\u0627\u0621 \u0627\u0644\u062e\u0631\u064a\u0637\u0629: generate_interactive_map() missing 1 required positional argument: 'path_fp'
2025-04-07 22:00:30,117 - INFO - \U0001f5fa\ufe0f Generating enhanced interactive map...
2025-04-07 22:00:30,832 - INFO - \U0001f6a6 Classifying road segments based on earthquake proximity...
2025-04-07 22:00:34,320 - INFO - \u2705 Risk assigned to all roads.
2025-04-07 22:00:35,013 - WARNING - \u26a0\ufe0f Evacuation path is empty or not provided.
2025-04-07 22:00:36,712 - ERROR - \u0641\u0634\u0644 \u0625\u0646\u0634\u0627\u0621 \u0627\u0644\u062e\u0631\u064a\u0637\u0629: The field risk_level is not available in the data. Choose from: ().
2025-04-07 22:01:58,726 - INFO - \U0001f5fa\ufe0f Generating enhanced interactive map...
2025-04-07 22:01:59,404 - INFO - \U0001f6a6 Classifying road segments based on earthquake proximity...
2025-04-07 22:02:02,803 - INFO - \u2705 Risk assigned to all roads.
2025-04-07 22:02:03,492 - WARNING - \u26a0\ufe0f Evacuation path is empty or not provided.
2025-04-07 22:02:05,151 - ERROR - \u0641\u0634\u0644 \u0625\u0646\u0634\u0627\u0621 \u0627\u0644\u062e\u0631\u064a\u0637\u0629: The field risk_level is not available in the data. Choose from: ().
2025-04-07 22:02:05,151 - ERROR - \u0641\u0634\u0644 \u0625\u0646\u0634\u0627\u0621 \u0627\u0644\u062e\u0631\u064a\u0637\u0629: The field risk_level is not available in the data. Choose from: ().
2025-04-07 22:03:37,999 - INFO - \U0001f5fa\ufe0f Generating enhanced interactive map...
2025-04-07 22:03:38,703 - INFO - \U0001f6a6 Classifying road segments based on earthquake proximity...
2025-04-07 22:03:42,120 - INFO - \u2705 Risk assigned to all roads.
2025-04-07 22:03:42,799 - WARNING - \u26a0\ufe0f Evacuation path is empty or not provided.
2025-04-07 22:03:44,440 - ERROR - \u0641\u0634\u0644 \u0625\u0646\u0634\u0627\u0621 \u0627\u0644\u062e\u0631\u064a\u0637\u0629: The field risk_level is not available in the data. Choose from: ().
2025-04-07 22:05:52,380 - INFO - \U0001f5fa\ufe0f Generating enhanced interactive map...
2025-04-07 22:06:04,949 - INFO - \U0001f5fa\ufe0f Generating enhanced interactive map...
2025-04-07 22:06:05,601 - ERROR - \u0641\u0634\u0644 \u0625\u0646\u0634\u0627\u0621 \u0627\u0644\u062e\u0631\u064a\u0637\u0629: data/shapefiles/elazig_evacuation_path.shp: No such file or directory
2025-04-07 22:06:29,237 - INFO - \U0001f5fa\ufe0f Generating enhanced interactive map...
2025-04-07 22:06:29,891 - ERROR - \u0641\u0634\u0644 \u0625\u0646\u0634\u0627\u0621 \u0627\u0644\u062e\u0631\u064a\u0637\u0629: None: No such file or directory
2025-04-07 22:10:26,469 - INFO - \U0001f5fa\ufe0f Generating enhanced interactive map...
2025-04-07 22:10:27,169 - INFO - \U0001f6a6 Classifying road segments based on earthquake proximity...
2025-04-07 22:10:30,659 - INFO - \u2705 Risk assigned to all roads.
2025-04-07 22:10:35,866 - WARNING - \u26a0\ufe0f Evacuation path is empty or not provided.
2025-04-07 22:10:35,882 - ERROR - \u0641\u0634\u0644 \u0625\u0646\u0634\u0627\u0621 \u0627\u0644\u062e\u0631\u064a\u0637\u0629: 'properties'
2025-04-07 22:12:08,203 - INFO - \U0001f5fa\ufe0f Generating enhanced interactive map...
2025-04-07 22:12:08,907 - INFO - \U0001f6a6 Classifying road segments based on earthquake proximity...
2025-04-07 22:12:12,290 - INFO - \u2705 Risk assigned to all roads.
2025-04-07 22:12:26,491 - WARNING - \u26a0\ufe0f Evacuation path is empty or not provided.
2025-04-07 22:12:26,491 - ERROR - \u0641\u0634\u0644 \u0625\u0646\u0634\u0627\u0621 \u0627\u0644\u062e\u0631\u064a\u0637\u0629: 'properties'
2025-04-07 22:18:19,097 - ERROR - \u0641\u0634\u0644 \u0625\u0646\u0634\u0627\u0621 \u0627\u0644\u062e\u0631\u064a\u0637\u0629: generate_interactive_map() missing 1 required positional argument: 'path_fp'
2025-04-07 22:22:21,603 - INFO - \U0001f5fa\ufe0f Generating enhanced interactive map...
2025-04-07 22:25:23,411 - INFO - \U0001f5fa\ufe0f Generating enhanced interactive map...
2025-04-07 22:25:24,697 - INFO - \U0001f6a6 Classifying road segments based on earthquake proximity...
2025-04-07 22:25:28,200 - INFO - \u2705 Risk assigned to all roads.
2025-04-07 22:25:41,935 - INFO - \u2705 Map saved to output/maps/interactive_map.html
2025-04-07 22:25:41,967 - INFO - \U0001f5fa\ufe0f Generating multi-path evacuation map...
2025-04-07 22:27:13,454 - INFO - \U0001f5fa\ufe0f Generating enhanced interactive map...
2025-04-07 22:27:14,865 - INFO - \U0001f6a6 Classifying road segments based on earthquake proximity...
2025-04-07 22:27:18,799 - INFO - \u2705 Risk assigned to all roads.
2025-04-07 22:27:33,107 - INFO - \u2705 Map saved to output/maps/interactive_map.html
2025-04-07 22:27:33,128 - INFO - \U0001f5fa\ufe0f Generating multi-path evacuation map...
2025-04-07 22:27:49,315 - INFO - \u2705 Multi-path map saved to output/maps/combined_paths_map.html
